INFO    : PreTeXt project found in `/Users/jford/Desktop/DODE/DiscoveringODEs`.
WARNING : Using CLI version 1.6.0 but project's `requirements.txt`
WARNING : is configured to use 1.7.5. Consider either installing
WARNING : CLI version 1.7.5 or changing `requirements.txt` to match 1.6.0.
WARNING : Assets like latex-images will not be regenerated for this build
WARNING : (previously generated assets will be used if they exist).
WARNING : To generate these assets before building, run `pretext build -g`.
INFO    : Preparing to build into /Users/jford/Desktop/DODE/DiscoveringODEs/output/web.
INFO    : 
Now building HTML into /Users/jford/Desktop/DODE/DiscoveringODEs/output/web

INFO    : discovering source file's directory name: /Users/jford/Desktop/DODE/DiscoveringODEs/source
INFO    : verifying and expanding input directory: /Users/jford/Desktop/DODE/DiscoveringODEs/source/../generated-assets
INFO    : input directory expanded to absolute path: /Users/jford/Desktop/DODE/DiscoveringODEs/generated-assets
INFO    : verifying and expanding input directory: /Users/jford/Desktop/DODE/DiscoveringODEs/source/../assets
INFO    : input directory expanded to absolute path: /Users/jford/Desktop/DODE/DiscoveringODEs/assets
INFO    : Runestone Services (via PreTeXt repository): version 6.5.0
INFO    : Runestone Services (using newer, via online CDN query): version 7.2.6
INFO    : converting /Users/jford/Desktop/DODE/DiscoveringODEs/source/main.ptx to HTML in /var/folders/8j/_yndq5ld6v17yd413hd922tc0000gp/T/tmp_pnj_7o2
INFO    : XSL conversion of /Users/jford/Desktop/DODE/DiscoveringODEs/source/main.ptx by /Users/jford/.ptx/xsl/pretext-html.xsl
INFO    : comprehensive messages, warnings, and errors:
INFO    : successful application of /Users/jford/.ptx/xsl/pretext-html.xsl
INFO    : Removing temporary directory /var/folders/8j/_yndq5ld6v17yd413hd922tc0000gp/T/tmp_pnj_7o2
INFO    : 
Success! Run `pretext view web` to see the results.

