INFO    : PreTeXt project found in `/workspaces/DiscoveringODEs`.
WARNING : Using CLI version 2.3.4 but project's `requirements.txt`
WARNING : is configured to use 2.3.3. Consider either installing
WARNING : CLI version 2.3.3 or running `pretext init --refresh`
WARNING : to update `requirements.txt` to match 2.3.4.
INFO    : Since no target was supplied, we will use "web".

INFO    : Preparing to build into /workspaces/DiscoveringODEs/output/web.
INFO    : discovering source file's directory name: /workspaces/DiscoveringODEs/source
INFO    : verifying and expanding input directory: /workspaces/DiscoveringODEs/source/../generated-assets
INFO    : input directory expanded to absolute path: /workspaces/DiscoveringODEs/generated-assets
INFO    : verifying and expanding input directory: /workspaces/DiscoveringODEs/source/../assets
INFO    : input directory expanded to absolute path: /workspaces/DiscoveringODEs/assets
INFO    : Runestone Services (via PreTeXt repository): version 7.1.2
INFO    : Runestone Services (using newer, via online CDN query): version 7.2.9
INFO    : converting /workspaces/DiscoveringODEs/source/main.ptx to HTML in /tmp/tmpp7bh8lxh
INFO    : XSL conversion of /workspaces/DiscoveringODEs/source/main.ptx by /home/vscode/.ptx/xsl/pretext-html.xsl
INFO    : comprehensive messages, warnings, and errors:
INFO    :     * PTX:DEPRECATE: (2023-08-08) a "website" element with "address" and "name" children has changed.  Continue to use the "website" element as before, but replace the "address" and "name" children with a single "url" element, which is more flexible and reliable.  We will try to honor your intent, but you may prefer your own adjustments. (1 time)
INFO    :     *              located within: "frontmatter" (xml:id)
INFO    :     * --------------
INFO    : successful application of /home/vscode/.ptx/xsl/pretext-html.xsl
INFO    : 
Success! Run `pretext view` to see the results.

